[debug] [2023-08-22T14:38:45.390Z] ----------------------------------------------------------------------
[debug] [2023-08-22T14:38:45.391Z] Command:       /Users/hyunseojung/.nvm/versions/node/v19.3.0/bin/node /Users/hyunseojung/.nvm/versions/node/v19.3.0/bin/firebase init
[debug] [2023-08-22T14:38:45.392Z] CLI Version:   12.4.8
[debug] [2023-08-22T14:38:45.392Z] Platform:      darwin
[debug] [2023-08-22T14:38:45.392Z] Node Version:  v19.3.0
[debug] [2023-08-22T14:38:45.392Z] Time:          Tue Aug 22 2023 23:38:45 GMT+0900 (대한민국 표준시)
[debug] [2023-08-22T14:38:45.392Z] ----------------------------------------------------------------------
[debug] 
[debug] [2023-08-22T14:38:45.394Z] > command requires scopes: ["email","openid","https://www.googleapis.com/auth/cloudplatformprojects.readonly","https://www.googleapis.com/auth/firebase","https://www.googleapis.com/auth/cloud-platform"]
[debug] [2023-08-22T14:38:45.395Z] > authorizing via signed-in user (srh.spam0605@gmail.com)
[info] 
     ######## #### ########  ######## ########     ###     ######  ########
     ##        ##  ##     ## ##       ##     ##  ##   ##  ##       ##
     ######    ##  ########  ######   ########  #########  ######  ######
     ##        ##  ##    ##  ##       ##     ## ##     ##       ## ##
     ##       #### ##     ## ######## ########  ##     ##  ######  ########

You're about to initialize a Firebase project in this directory:

  /Users/hyunseojung/Documents/Githubb/-book-concert_survey

[info] 
=== Project Setup
[info] 
[info] First, let's associate this project directory with a Firebase project.
[info] You can create multiple project aliases by running firebase use --add, 
[info] but for now we'll just set up a default project.
[info] 
[debug] [2023-08-22T14:38:59.239Z] > refreshing access token with scopes: []
[debug] [2023-08-22T14:38:59.243Z] >>> [apiv2][query] POST https://www.googleapis.com/oauth2/v3/token [none]
[debug] [2023-08-22T14:38:59.243Z] >>> [apiv2][body] POST https://www.googleapis.com/oauth2/v3/token [omitted]
[debug] [2023-08-22T14:38:59.563Z] <<< [apiv2][status] POST https://www.googleapis.com/oauth2/v3/token 200
[debug] [2023-08-22T14:38:59.564Z] <<< [apiv2][body] POST https://www.googleapis.com/oauth2/v3/token [omitted]
[debug] [2023-08-22T14:38:59.579Z] >>> [apiv2][query] GET https://firebase.googleapis.com/v1beta1/projects pageSize=100
[debug] [2023-08-22T14:39:00.409Z] <<< [apiv2][status] GET https://firebase.googleapis.com/v1beta1/projects 200
[debug] [2023-08-22T14:39:00.410Z] <<< [apiv2][body] GET https://firebase.googleapis.com/v1beta1/projects [omitted]
[info] i  Using project spam-community-fa4e5 (spam-community) 
[info] 
=== Database Setup
[info] i  database: ensuring required API firebasedatabase.googleapis.com is enabled... 
[debug] [2023-08-22T14:39:07.958Z] >>> [apiv2][query] GET https://serviceusage.googleapis.com/v1/projects/spam-community-fa4e5/services/firebasedatabase.googleapis.com [none]
[debug] [2023-08-22T14:39:07.958Z] >>> [apiv2][(partial)header] GET https://serviceusage.googleapis.com/v1/projects/spam-community-fa4e5/services/firebasedatabase.googleapis.com x-goog-quota-user=projects/spam-community-fa4e5
[debug] [2023-08-22T14:39:08.716Z] <<< [apiv2][status] GET https://serviceusage.googleapis.com/v1/projects/spam-community-fa4e5/services/firebasedatabase.googleapis.com 200
[debug] [2023-08-22T14:39:08.716Z] <<< [apiv2][body] GET https://serviceusage.googleapis.com/v1/projects/spam-community-fa4e5/services/firebasedatabase.googleapis.com [omitted]
[warn] ⚠  database: missing required API firebasedatabase.googleapis.com. Enabling now... 
[debug] [2023-08-22T14:39:08.717Z] >>> [apiv2][query] POST https://serviceusage.googleapis.com/v1/projects/spam-community-fa4e5/services/firebasedatabase.googleapis.com:enable [none]
[debug] [2023-08-22T14:39:08.717Z] >>> [apiv2][(partial)header] POST https://serviceusage.googleapis.com/v1/projects/spam-community-fa4e5/services/firebasedatabase.googleapis.com:enable x-goog-quota-user=projects/spam-community-fa4e5
[debug] [2023-08-22T14:39:09.408Z] <<< [apiv2][status] POST https://serviceusage.googleapis.com/v1/projects/spam-community-fa4e5/services/firebasedatabase.googleapis.com:enable 200
[debug] [2023-08-22T14:39:09.408Z] <<< [apiv2][body] POST https://serviceusage.googleapis.com/v1/projects/spam-community-fa4e5/services/firebasedatabase.googleapis.com:enable [omitted]
